<?xml version="1.0" encoding="UTF-8"?>
<!-- Generated by org.testng.reporters.JUnitReportReporter -->
<testsuite skipped="0" hostname="DESKTOP-O390SUI" name="mit.com.testng.Renew" tests="1" failures="0" timestamp="2022-03-31T14:28:44 IST" time="4.841" errors="0">
  <testcase name="RenewDomain" time="4.841" classname="mit.com.testng.Renew"/>
  <system-out/>
</testsuite> <!-- mit.com.testng.Renew -->
