<?xml version="1.0" encoding="UTF-8"?>
<!-- Generated by org.testng.reporters.JUnitReportReporter -->
<testsuite skipped="0" hostname="DESKTOP-O390SUI" name="mit.com.testng.AdvanceReferance" tests="1" failures="0" timestamp="2022-02-27T06:31:49 IST" time="32.220" errors="0">
  <testcase name="advanceReferanceTest" time="32.220" classname="mit.com.testng.AdvanceReferance"/>
  <system-out/>
</testsuite> <!-- mit.com.testng.AdvanceReferance -->
