<?xml version="1.0" encoding="UTF-8"?>
<!-- Generated by org.testng.reporters.JUnitReportReporter -->
<testsuite skipped="0" hostname="DESKTOP-O390SUI" name="mit.com.testng.loginpagetest" tests="1" failures="0" timestamp="2022-02-27T06:31:49 IST" time="7.115" errors="0">
  <testcase name="LoginDetails" time="7.115" classname="mit.com.testng.loginpagetest"/>
  <system-out/>
</testsuite> <!-- mit.com.testng.loginpagetest -->
